  Determining projects to restore...
  All projects are up-to-date for restore.
  Mass.Spec -> C:\Users\Administrator\Desktop\Mass\src\Mass.Spec\bin\Debug\net10.0\Mass.Spec.dll
  Mass.Core -> C:\Users\Administrator\Desktop\Mass\src\Mass.Core\bin\Debug\net10.0\Mass.Core.dll
C:\Users\Administrator\Desktop\Mass\tests\Mass.Core.Tests\Workflows\WorkflowParserTests.cs(42,36): error CS1061: 'WorkflowParser' does not contain a definition for 'ParseFromFile' and no accessible extension method 'ParseFromFile' accepting a first argument of type 'WorkflowParser' could be found (are you missing a using directive or an assembly reference?) [C:\Users\Administrator\Desktop\Mass\tests\Mass.Core.Tests\Mass.Core.Tests.csproj]
C:\Users\Administrator\Desktop\Mass\tests\Mass.Core.Tests\Workflows\WorkflowParserTests.cs(80,36): error CS1061: 'WorkflowParser' does not contain a definition for 'ParseFromFile' and no accessible extension method 'ParseFromFile' accepting a first argument of type 'WorkflowParser' could be found (are you missing a using directive or an assembly reference?) [C:\Users\Administrator\Desktop\Mass\tests\Mass.Core.Tests\Mass.Core.Tests.csproj]
C:\Users\Administrator\Desktop\Mass\tests\Mass.Core.Tests\Workflows\WorkflowParserTests.cs(100,60): error CS1061: 'WorkflowParser' does not contain a definition for 'ParseFromFile' and no accessible extension method 'ParseFromFile' accepting a first argument of type 'WorkflowParser' could be found (are you missing a using directive or an assembly reference?) [C:\Users\Administrator\Desktop\Mass\tests\Mass.Core.Tests\Mass.Core.Tests.csproj]
C:\Users\Administrator\Desktop\Mass\tests\Mass.Core.Tests\Registry\RegistryServiceTests.cs(94,14): warning xUnit1031: Test methods should not use blocking task operations, as they can cause deadlocks. Use an async test method and await instead. (https://xunit.net/xunit.analyzers/rules/xUnit1031) [C:\Users\Administrator\Desktop\Mass\tests\Mass.Core.Tests\Mass.Core.Tests.csproj]

Build FAILED.

C:\Users\Administrator\Desktop\Mass\tests\Mass.Core.Tests\Registry\RegistryServiceTests.cs(94,14): warning xUnit1031: Test methods should not use blocking task operations, as they can cause deadlocks. Use an async test method and await instead. (https://xunit.net/xunit.analyzers/rules/xUnit1031) [C:\Users\Administrator\Desktop\Mass\tests\Mass.Core.Tests\Mass.Core.Tests.csproj]
C:\Users\Administrator\Desktop\Mass\tests\Mass.Core.Tests\Workflows\WorkflowParserTests.cs(42,36): error CS1061: 'WorkflowParser' does not contain a definition for 'ParseFromFile' and no accessible extension method 'ParseFromFile' accepting a first argument of type 'WorkflowParser' could be found (are you missing a using directive or an assembly reference?) [C:\Users\Administrator\Desktop\Mass\tests\Mass.Core.Tests\Mass.Core.Tests.csproj]
C:\Users\Administrator\Desktop\Mass\tests\Mass.Core.Tests\Workflows\WorkflowParserTests.cs(80,36): error CS1061: 'WorkflowParser' does not contain a definition for 'ParseFromFile' and no accessible extension method 'ParseFromFile' accepting a first argument of type 'WorkflowParser' could be found (are you missing a using directive or an assembly reference?) [C:\Users\Administrator\Desktop\Mass\tests\Mass.Core.Tests\Mass.Core.Tests.csproj]
C:\Users\Administrator\Desktop\Mass\tests\Mass.Core.Tests\Workflows\WorkflowParserTests.cs(100,60): error CS1061: 'WorkflowParser' does not contain a definition for 'ParseFromFile' and no accessible extension method 'ParseFromFile' accepting a first argument of type 'WorkflowParser' could be found (are you missing a using directive or an assembly reference?) [C:\Users\Administrator\Desktop\Mass\tests\Mass.Core.Tests\Mass.Core.Tests.csproj]
    1 Warning(s)
    3 Error(s)

Time Elapsed 00:00:01.77
